<?xml version="1.0" encoding="UTF-8"?>
<!-- Generated by org.testng.reporters.JUnitXMLReporter -->
<testsuite ignored="0" hostname="DESKTOP-6UE8ILS" failures="0" tests="3" name="Default test" time="0.109" errors="0" timestamp="2019-11-30T11:13:27 IST">
  <testcase classname="FirstTestNgTutorial.FirstTestNgscript" name="checkOut" time="0.022"/>
  <testcase classname="FirstTestNgTutorial.FirstTestNgscript" name="loginApplication" time="0.01"/>
  <testcase classname="FirstTestNgTutorial.FirstTestNgscript" name="selectItems" time="0.006"/>
</testsuite> <!-- Default test -->
